// 重构日志: 3868a989
// 重构日志: 78c3aaf6
// 重构日志: 1f5ee54d
// 同步 ID: 7ea0992a @ Tue May 19 23:05:30 UTC 2026
// 同步 ID: 43f2271b @ Sat May 23 08:15:22 UTC 2026
// 同步 ID: f8a55701 @ Sat May 30 12:31:40 UTC 2026
// 重构日志: 495b2a65
// 重构日志: 4ad58430
// 同步 ID: fdd264e7 @ Sat Jun  6 08:19:49 UTC 2026
// 重构日志: 765f1309
// 同步 ID: 4d24619c @ Sun Jun  7 11:56:30 UTC 2026
// 重构日志: 31b9d51e
// 重构日志: ff437a32
// 同步 ID: ee705f0c @ Tue Jun  9 06:45:32 UTC 2026
// 重构日志: e6dd66f5
// 同步 ID: efd7528f @ Tue Jun  9 18:08:14 UTC 2026
// 重构日志: 06a239d2
// 同步 ID: d4783c33 @ Wed Jun 10 14:51:03 UTC 2026
// 同步 ID: af1f466a @ Fri Jun 12 02:02:56 UTC 2026
// 重构日志: d5247bb9
// 同步 ID: c8b69b51 @ Fri Jun 12 11:33:27 UTC 2026
// 重构日志: 1c261a5e
// 重构日志: e275a1ab
// 重构日志: b9bbfc8d
// 重构日志: f949176b
// 重构日志: 8009c6d9
// 重构日志: 3cb62c51
// 重构日志: ff56298a
// 同步 ID: 3e5826e0 @ Mon Jun 15 18:33:04 UTC 2026
// 同步 ID: 8fbe49bc @ Tue Jun 16 07:05:14 UTC 2026
